  View.cpp
D:\Code\Caro\Caro\View.cpp(338,77): warning C4267: 'argument': conversion from 'size_t' to 'int', possible loss of data
D:\Code\Caro\Caro\View.cpp(374,80): warning C4267: 'argument': conversion from 'size_t' to 'int', possible loss of data
D:\Code\Caro\Caro\View.cpp(377,80): warning C4267: 'argument': conversion from 'size_t' to 'int', possible loss of data
D:\Code\Caro\Caro\View.cpp(383,80): warning C4267: 'argument': conversion from 'size_t' to 'int', possible loss of data
D:\Code\Caro\Caro\View.cpp(386,80): warning C4267: 'argument': conversion from 'size_t' to 'int', possible loss of data
D:\Code\Caro\Caro\View.cpp(556,13): warning C4244: 'initializing': conversion from 'double' to 'int', possible loss of data
D:\Code\Caro\Caro\View.cpp(617,45): warning C4267: 'initializing': conversion from 'size_t' to 'int', possible loss of data
D:\Code\Caro\Caro\View.cpp(624,23): warning C4267: 'initializing': conversion from 'size_t' to 'int', possible loss of data
D:\Code\Caro\Caro\View.cpp(625,13): warning C4244: 'initializing': conversion from 'double' to 'int', possible loss of data
D:\Code\Caro\Caro\View.cpp(686,13): warning C4244: 'initializing': conversion from 'double' to 'int', possible loss of data
D:\Code\Caro\Caro\View.cpp(738,38): warning C4267: 'initializing': conversion from 'size_t' to 'int', possible loss of data
D:\Code\Caro\Caro\View.cpp(744,23): warning C4267: 'initializing': conversion from 'size_t' to 'int', possible loss of data
D:\Code\Caro\Caro\View.cpp(745,13): warning C4244: 'initializing': conversion from 'double' to 'int', possible loss of data
D:\Code\Caro\Caro\View.cpp(1358,23): warning C4267: 'initializing': conversion from 'size_t' to 'int', possible loss of data
D:\Code\Caro\Caro\View.cpp(1513,21): warning C4244: '=': conversion from 'clock_t' to 'float', possible loss of data
D:\Code\Caro\Caro\View.cpp(2548,86): warning C4267: 'argument': conversion from 'size_t' to 'int', possible loss of data
D:\Code\Caro\Caro\View.cpp(2551,86): warning C4267: 'argument': conversion from 'size_t' to 'int', possible loss of data
D:\Code\Caro\Caro\View.cpp(2554,86): warning C4267: 'argument': conversion from 'size_t' to 'int', possible loss of data
D:\Code\Caro\Caro\View.cpp(2557,86): warning C4267: 'argument': conversion from 'size_t' to 'int', possible loss of data
D:\Code\Caro\Caro\View.cpp(2560,86): warning C4267: 'argument': conversion from 'size_t' to 'int', possible loss of data
D:\Code\Caro\Caro\View.cpp(2619,86): warning C4267: 'argument': conversion from 'size_t' to 'int', possible loss of data
D:\Code\Caro\Caro\View.cpp(2622,86): warning C4267: 'argument': conversion from 'size_t' to 'int', possible loss of data
D:\Code\Caro\Caro\View.cpp(2625,86): warning C4267: 'argument': conversion from 'size_t' to 'int', possible loss of data
D:\Code\Caro\Caro\View.cpp(2628,86): warning C4267: 'argument': conversion from 'size_t' to 'int', possible loss of data
D:\Code\Caro\Caro\View.cpp(2631,86): warning C4267: 'argument': conversion from 'size_t' to 'int', possible loss of data
  Caro.vcxproj -> D:\Code\Caro\x64\Debug\Caro.exe
